<?xml version="1.0" encoding="UTF-8"?>
<testng-results ignored="0" total="2" passed="2" failed="0" skipped="0">
  <reporter-output>
  </reporter-output>
  <suite started-at="2023-10-26T00:04:55 IST" name="Default suite" finished-at="2023-10-26T00:04:55 IST" duration-ms="158">
    <groups>
    </groups>
    <test started-at="2023-10-26T00:04:55 IST" name="Default test" finished-at="2023-10-26T00:04:55 IST" duration-ms="158">
      <class name="testclasses.test1">
        <test-method is-config="true" signature="m1()[pri:0, instance:testclasses.test1@5d0a1059]" started-at="2023-10-26T00:04:55 IST" name="m1" finished-at="2023-10-26T00:04:55 IST" duration-ms="16" status="PASS">
          <reporter-output>
          </reporter-output>
        </test-method> <!-- m1 -->
        <test-method signature="m2()[pri:0, instance:testclasses.test1@5d0a1059]" started-at="2023-10-26T00:04:55 IST" name="m2" finished-at="2023-10-26T00:04:55 IST" duration-ms="21" status="PASS">
          <reporter-output>
          </reporter-output>
        </test-method> <!-- m2 -->
        <test-method is-config="true" signature="m3()[pri:0, instance:testclasses.test1@5d0a1059]" started-at="2023-10-26T00:04:55 IST" name="m3" finished-at="2023-10-26T00:04:55 IST" duration-ms="2" status="PASS">
          <reporter-output>
          </reporter-output>
        </test-method> <!-- m3 -->
        <test-method is-config="true" signature="m1()[pri:0, instance:testclasses.test1@5d0a1059]" started-at="2023-10-26T00:04:55 IST" name="m1" finished-at="2023-10-26T00:04:55 IST" duration-ms="1" status="PASS">
          <reporter-output>
          </reporter-output>
        </test-method> <!-- m1 -->
        <test-method signature="m4()[pri:0, instance:testclasses.test1@5d0a1059]" started-at="2023-10-26T00:04:55 IST" name="m4" finished-at="2023-10-26T00:04:55 IST" duration-ms="3" status="PASS">
          <reporter-output>
          </reporter-output>
        </test-method> <!-- m4 -->
        <test-method is-config="true" signature="m3()[pri:0, instance:testclasses.test1@5d0a1059]" started-at="2023-10-26T00:04:55 IST" name="m3" finished-at="2023-10-26T00:04:55 IST" duration-ms="1" status="PASS">
          <reporter-output>
          </reporter-output>
        </test-method> <!-- m3 -->
      </class> <!-- testclasses.test1 -->
    </test> <!-- Default test -->
  </suite> <!-- Default suite -->
</testng-results>
